(?, 24, 24, 24, 10)
(?, 12, 12, 12, 10)
(?, 12, 12, 12, 20)
(?, 6, 6, 6, 20)
(?, 12, 12, 12, 10)
(?, 12, 12, 12, 10)
(?, 24, 24, 24, 2)
(?, 24, 24, 24, 2)
(?, 2)
(?,)
()
Initialization......

validate

******* Epoch 0 Example 0: Validation accuracy 0.761641
******* Epoch 0 Example 1: Validation accuracy 0.093017
******* Epoch 0 Example 2: Validation accuracy 0.881278
******* Epoch 0 Example 3: Validation accuracy 0.767522
******* Epoch 0 Example 4: Validation accuracy 0.086924
******* Epoch 0 Example 5: Validation accuracy 0.294667
******* Epoch 0 Example 6: Validation accuracy 0.567351
******* Epoch 0 Example 7: Validation accuracy 0.091585
******* Epoch 0 Example 8: Validation accuracy 0.256651
******* Epoch 0 Example 9: Validation accuracy 0.347382
******* Epoch 0 Example 10: Validation accuracy 0.363540
******* Epoch 0 Example 11: Validation accuracy 0.715044
******* Epoch 0 Example 12: Validation accuracy 0.762922
******* Epoch 0 Example 13: Validation accuracy 0.299555
******* Epoch 0 Example 14: Validation accuracy 0.489775
******* Epoch 0 Example 15: Validation accuracy 0.146491
******* Epoch 0 Example 16: Validation accuracy 0.824069
******* Epoch 0 Example 17: Validation accuracy 0.388444
******* Epoch 0 Example 18: Validation accuracy 0.838119
******* Epoch 0 Example 19: Validation accuracy 0.000793
******* Epoch 0 Example 20: Validation accuracy 0.299137
******* Epoch 0 Example 21: Validation accuracy 0.152932
******* Epoch 0 Example 22: Validation accuracy 0.613143
******* Epoch 0 Example 23: Validation accuracy 0.538534
******* Epoch 0 Example 24: Validation accuracy 0.636623
******* Epoch 0 Example 25: Validation accuracy 0.358750
******* Epoch 0 Example 26: Validation accuracy 0.687589
******* Epoch 0 Example 27: Validation accuracy 0.511398
******* Epoch 0 Example 28: Validation accuracy 0.187934
******* Epoch 0 Example 29: Validation accuracy 0.195866
******* Epoch 0 Example 30: Validation accuracy 0.161682
******* Epoch 0 Example 31: Validation accuracy 0.293281
******* Epoch 0 Example 32: Validation accuracy 0.119363
******* Epoch 0 Example 33: Validation accuracy 0.582434
******* Epoch 0 Example 34: Validation accuracy 0.336890
******* Epoch 0 Example 35: Validation accuracy 0.861122
******* Epoch 0 Example 36: Validation accuracy 0.619761
******* Epoch 0 Example 37: Validation accuracy 0.423628
******* Epoch 0 Example 38: Validation accuracy 0.804159
******* Epoch 0 Example 39: Validation accuracy 0.255022
******* Epoch 0 Example 40: Validation accuracy 0.297142
******* Epoch 0 Example 41: Validation accuracy 0.118398
******* Epoch 0 Example 42: Validation accuracy 0.709147
******* Epoch 0 Example 43: Validation accuracy 0.273605
******* Epoch 0 Example 44: Validation accuracy 0.025943
******* Epoch 0 Example 45: Validation accuracy 0.540996
******************** Epoch 0: Validation dice score 0.425679

test

******* Epoch 0 Example 0: Test accuracy 0.737196
******* Epoch 0 Example 1: Test accuracy 0.098575
******* Epoch 0 Example 2: Test accuracy 0.826923
******* Epoch 0 Example 3: Test accuracy 0.743917
******* Epoch 0 Example 4: Test accuracy 0.042677
******* Epoch 0 Example 5: Test accuracy 0.322380
******* Epoch 0 Example 6: Test accuracy 0.549355
******* Epoch 0 Example 7: Test accuracy 0.073997
******* Epoch 0 Example 8: Test accuracy 0.336340
******* Epoch 0 Example 9: Test accuracy 0.338845
******* Epoch 0 Example 10: Test accuracy 0.383506
******* Epoch 0 Example 11: Test accuracy 0.684343
******* Epoch 0 Example 12: Test accuracy 0.535563
******* Epoch 0 Example 13: Test accuracy 0.404773
******* Epoch 0 Example 14: Test accuracy 0.465906
******* Epoch 0 Example 15: Test accuracy 0.096215
******* Epoch 0 Example 16: Test accuracy 0.744959
******* Epoch 0 Example 17: Test accuracy 0.326248
******* Epoch 0 Example 18: Test accuracy 0.758207
******* Epoch 0 Example 19: Test accuracy 0.000000
******* Epoch 0 Example 20: Test accuracy 0.143585
******* Epoch 0 Example 21: Test accuracy 0.100262
******* Epoch 0 Example 22: Test accuracy 0.441113
******* Epoch 0 Example 23: Test accuracy 0.463217
******* Epoch 0 Example 24: Test accuracy 0.539168
******* Epoch 0 Example 25: Test accuracy 0.278874
******* Epoch 0 Example 26: Test accuracy 0.585664
******* Epoch 0 Example 27: Test accuracy 0.441461
******* Epoch 0 Example 28: Test accuracy 0.243169
******* Epoch 0 Example 29: Test accuracy 0.163768
******* Epoch 0 Example 30: Test accuracy 0.183917
******* Epoch 0 Example 31: Test accuracy 0.167920
******* Epoch 0 Example 32: Test accuracy 0.152988
******* Epoch 0 Example 33: Test accuracy 0.412023
******* Epoch 0 Example 34: Test accuracy 0.317283
******* Epoch 0 Example 35: Test accuracy 0.848934
******* Epoch 0 Example 36: Test accuracy 0.507079
******* Epoch 0 Example 37: Test accuracy 0.298126
******* Epoch 0 Example 38: Test accuracy 0.751430
******* Epoch 0 Example 39: Test accuracy 0.220288
******* Epoch 0 Example 40: Test accuracy 0.254024
******* Epoch 0 Example 41: Test accuracy 0.126497
******* Epoch 0 Example 42: Test accuracy 0.639582
******* Epoch 0 Example 43: Test accuracy 0.283282
******* Epoch 0 Example 44: Test accuracy 0.025669
******* Epoch 0 Example 45: Test accuracy 0.504209
Saving checkpoint to /share/PI/ogevaert/shirley/rembrandt/fine_tune_result/fine_tune_02/fcn/fine_tune/fcn_finetune.ckpt ......
******************** Epoch 0: Test dice score 0.381814

epoch 1

fine_tuning

******* Epoch 1 Example 0: Training loss 0.255998
******* Epoch 1 Example 1: Training loss 0.283819
******* Epoch 1 Example 2: Training loss 0.163960
******* Epoch 1 Example 3: Training loss 0.157174
******* Epoch 1 Example 4: Training loss 0.109281
******* Epoch 1 Example 5: Training loss 0.297156
******* Epoch 1 Example 6: Training loss 0.113915
******* Epoch 1 Example 7: Training loss 0.245832
******* Epoch 1 Example 8: Training loss 0.106649
******* Epoch 1 Example 9: Training loss 0.238677
******* Epoch 1 Example 10: Training loss 0.176840
******************** Epoch 1: Training dice score 0.753453

################################################### saving training losses to /share/PI/ogevaert/shirley/rembrandt/fine_tune_result/fine_tune_02/fcn/fine_tune/fcn_finetune_results.npz 


epoch 2

fine_tuning

******* Epoch 2 Example 0: Training loss 0.152133
******* Epoch 2 Example 1: Training loss 0.228587
******* Epoch 2 Example 2: Training loss 0.151581
******* Epoch 2 Example 3: Training loss 0.123003
******* Epoch 2 Example 4: Training loss 0.089802
******* Epoch 2 Example 5: Training loss 0.289577
******* Epoch 2 Example 6: Training loss 0.102514
******* Epoch 2 Example 7: Training loss 0.156395
******* Epoch 2 Example 8: Training loss 0.090896
******* Epoch 2 Example 9: Training loss 0.203222
******* Epoch 2 Example 10: Training loss 0.128137
******************** Epoch 2: Training dice score 0.792808

################################################### saving training losses to /share/PI/ogevaert/shirley/rembrandt/fine_tune_result/fine_tune_02/fcn/fine_tune/fcn_finetune_results.npz 


epoch 3

fine_tuning

******* Epoch 3 Example 0: Training loss 0.148236
******* Epoch 3 Example 1: Training loss 0.208838
******* Epoch 3 Example 2: Training loss 0.138369
******* Epoch 3 Example 3: Training loss 0.117997
******* Epoch 3 Example 4: Training loss 0.077821
******* Epoch 3 Example 5: Training loss 0.287220
******* Epoch 3 Example 6: Training loss 0.109474
******* Epoch 3 Example 7: Training loss 0.141405
******* Epoch 3 Example 8: Training loss 0.087436
******* Epoch 3 Example 9: Training loss 0.187551
******* Epoch 3 Example 10: Training loss 0.124167
******************** Epoch 3: Training dice score 0.799759

validate

******* Epoch 3 Example 0: Validation accuracy 0.833377
******* Epoch 3 Example 1: Validation accuracy 0.441315
******* Epoch 3 Example 2: Validation accuracy 0.868702
******* Epoch 3 Example 3: Validation accuracy 0.860274
******* Epoch 3 Example 4: Validation accuracy 0.284409
******* Epoch 3 Example 5: Validation accuracy 0.438396
******* Epoch 3 Example 6: Validation accuracy 0.827554
******* Epoch 3 Example 7: Validation accuracy 0.603758
******* Epoch 3 Example 8: Validation accuracy 0.543566
******* Epoch 3 Example 9: Validation accuracy 0.731728
******* Epoch 3 Example 10: Validation accuracy 0.733304
******* Epoch 3 Example 11: Validation accuracy 0.851246
******* Epoch 3 Example 12: Validation accuracy 0.740555
******* Epoch 3 Example 13: Validation accuracy 0.585335
******* Epoch 3 Example 14: Validation accuracy 0.724204
******* Epoch 3 Example 15: Validation accuracy 0.569190
******* Epoch 3 Example 16: Validation accuracy 0.821061
******* Epoch 3 Example 17: Validation accuracy 0.709335
******* Epoch 3 Example 18: Validation accuracy 0.830869
******* Epoch 3 Example 19: Validation accuracy 0.144482
******* Epoch 3 Example 20: Validation accuracy 0.593025
******* Epoch 3 Example 21: Validation accuracy 0.378226
******* Epoch 3 Example 22: Validation accuracy 0.680244
******* Epoch 3 Example 23: Validation accuracy 0.825759
******* Epoch 3 Example 24: Validation accuracy 0.793544
******* Epoch 3 Example 25: Validation accuracy 0.507144
******* Epoch 3 Example 26: Validation accuracy 0.769162
******* Epoch 3 Example 27: Validation accuracy 0.685719
******* Epoch 3 Example 28: Validation accuracy 0.732842
******* Epoch 3 Example 29: Validation accuracy 0.381445
******* Epoch 3 Example 30: Validation accuracy 0.516674
******* Epoch 3 Example 31: Validation accuracy 0.517683
******* Epoch 3 Example 32: Validation accuracy 0.716825
******* Epoch 3 Example 33: Validation accuracy 0.514817
******* Epoch 3 Example 34: Validation accuracy 0.540790
******* Epoch 3 Example 35: Validation accuracy 0.926240
******* Epoch 3 Example 36: Validation accuracy 0.796627
******* Epoch 3 Example 37: Validation accuracy 0.788441
******* Epoch 3 Example 38: Validation accuracy 0.881621
******* Epoch 3 Example 39: Validation accuracy 0.701773
******* Epoch 3 Example 40: Validation accuracy 0.346036
******* Epoch 3 Example 41: Validation accuracy 0.521365
******* Epoch 3 Example 42: Validation accuracy 0.785835
******* Epoch 3 Example 43: Validation accuracy 0.407125
******* Epoch 3 Example 44: Validation accuracy 0.558866
******* Epoch 3 Example 45: Validation accuracy 0.609237
******************** Epoch 3: Validation dice score 0.643907

test

******* Epoch 3 Example 0: Test accuracy 0.755114
******* Epoch 3 Example 1: Test accuracy 0.316764
******* Epoch 3 Example 2: Test accuracy 0.717758
******* Epoch 3 Example 3: Test accuracy 0.537864
******* Epoch 3 Example 4: Test accuracy 0.163581
******* Epoch 3 Example 5: Test accuracy 0.420555
******* Epoch 3 Example 6: Test accuracy 0.573985
******* Epoch 3 Example 7: Test accuracy 0.349897
******* Epoch 3 Example 8: Test accuracy 0.536849
******* Epoch 3 Example 9: Test accuracy 0.615417
******* Epoch 3 Example 10: Test accuracy 0.651099
******* Epoch 3 Example 11: Test accuracy 0.768974
******* Epoch 3 Example 12: Test accuracy 0.487164
******* Epoch 3 Example 13: Test accuracy 0.592571
******* Epoch 3 Example 14: Test accuracy 0.675628
******* Epoch 3 Example 15: Test accuracy 0.320634
******* Epoch 3 Example 16: Test accuracy 0.548995
******* Epoch 3 Example 17: Test accuracy 0.537066
******* Epoch 3 Example 18: Test accuracy 0.488755
******* Epoch 3 Example 19: Test accuracy 0.061981
******* Epoch 3 Example 20: Test accuracy 0.364876
******* Epoch 3 Example 21: Test accuracy 0.248790
******* Epoch 3 Example 22: Test accuracy 0.471074
******* Epoch 3 Example 23: Test accuracy 0.710677
******* Epoch 3 Example 24: Test accuracy 0.571621
******* Epoch 3 Example 25: Test accuracy 0.387935
******* Epoch 3 Example 26: Test accuracy 0.572921
******* Epoch 3 Example 27: Test accuracy 0.550640
******* Epoch 3 Example 28: Test accuracy 0.482333
******* Epoch 3 Example 29: Test accuracy 0.294761
******* Epoch 3 Example 30: Test accuracy 0.451260
******* Epoch 3 Example 31: Test accuracy 0.376135
******* Epoch 3 Example 32: Test accuracy 0.615207
******* Epoch 3 Example 33: Test accuracy 0.180216
******* Epoch 3 Example 34: Test accuracy 0.434420
******* Epoch 3 Example 35: Test accuracy 0.878113
******* Epoch 3 Example 36: Test accuracy 0.688698
******* Epoch 3 Example 37: Test accuracy 0.586315
******* Epoch 3 Example 38: Test accuracy 0.824342
******* Epoch 3 Example 39: Test accuracy 0.543289
******* Epoch 3 Example 40: Test accuracy 0.292285
******* Epoch 3 Example 41: Test accuracy 0.449130
******* Epoch 3 Example 42: Test accuracy 0.763139
******* Epoch 3 Example 43: Test accuracy 0.387235
******* Epoch 3 Example 44: Test accuracy 0.230773
******* Epoch 3 Example 45: Test accuracy 0.393975
Saving checkpoint to /share/PI/ogevaert/shirley/rembrandt/fine_tune_result/fine_tune_02/fcn/fine_tune/fcn_finetune.ckpt ......
******************** Epoch 3: Test dice score 0.497192

################################################### saving training losses to /share/PI/ogevaert/shirley/rembrandt/fine_tune_result/fine_tune_02/fcn/fine_tune/fcn_finetune_results.npz 


epoch 4

fine_tuning

******* Epoch 4 Example 0: Training loss 0.140750
******* Epoch 4 Example 1: Training loss 0.210590
******* Epoch 4 Example 2: Training loss 0.134533
******* Epoch 4 Example 3: Training loss 0.116400
******* Epoch 4 Example 4: Training loss 0.074346
******* Epoch 4 Example 5: Training loss 0.276482
******* Epoch 4 Example 6: Training loss 0.113421
******* Epoch 4 Example 7: Training loss 0.132810
******* Epoch 4 Example 8: Training loss 0.083311
******* Epoch 4 Example 9: Training loss 0.178041
******* Epoch 4 Example 10: Training loss 0.116814
******************** Epoch 4: Training dice score 0.806924

################################################### saving training losses to /share/PI/ogevaert/shirley/rembrandt/fine_tune_result/fine_tune_02/fcn/fine_tune/fcn_finetune_results.npz 


epoch 5

fine_tuning

******* Epoch 5 Example 0: Training loss 0.142979
******* Epoch 5 Example 1: Training loss 0.194685
******* Epoch 5 Example 2: Training loss 0.127009
******* Epoch 5 Example 3: Training loss 0.121225
******* Epoch 5 Example 4: Training loss 0.074225
******* Epoch 5 Example 5: Training loss 0.256049
******* Epoch 5 Example 6: Training loss 0.114025
******* Epoch 5 Example 7: Training loss 0.129145
******* Epoch 5 Example 8: Training loss 0.080563
******* Epoch 5 Example 9: Training loss 0.174910
******* Epoch 5 Example 10: Training loss 0.116206
******************** Epoch 5: Training dice score 0.811908

################################################### saving training losses to /share/PI/ogevaert/shirley/rembrandt/fine_tune_result/fine_tune_02/fcn/fine_tune/fcn_finetune_results.npz 


epoch 6

fine_tuning

******* Epoch 6 Example 0: Training loss 0.140089
******* Epoch 6 Example 1: Training loss 0.190925
******* Epoch 6 Example 2: Training loss 0.121257
******* Epoch 6 Example 3: Training loss 0.108466
******* Epoch 6 Example 4: Training loss 0.079134
******* Epoch 6 Example 5: Training loss 0.231106
******* Epoch 6 Example 6: Training loss 0.107649
******* Epoch 6 Example 7: Training loss 0.121021
******* Epoch 6 Example 8: Training loss 0.083529
******* Epoch 6 Example 9: Training loss 0.168539
******* Epoch 6 Example 10: Training loss 0.109849
******************** Epoch 6: Training dice score 0.816642

validate

******* Epoch 6 Example 0: Validation accuracy 0.815219
******* Epoch 6 Example 1: Validation accuracy 0.415869
******* Epoch 6 Example 2: Validation accuracy 0.869207
******* Epoch 6 Example 3: Validation accuracy 0.853254
******* Epoch 6 Example 4: Validation accuracy 0.202881
******* Epoch 6 Example 5: Validation accuracy 0.437070
******* Epoch 6 Example 6: Validation accuracy 0.834256
******* Epoch 6 Example 7: Validation accuracy 0.604790
******* Epoch 6 Example 8: Validation accuracy 0.550462
******* Epoch 6 Example 9: Validation accuracy 0.720757
******* Epoch 6 Example 10: Validation accuracy 0.711037
******* Epoch 6 Example 11: Validation accuracy 0.856495
******* Epoch 6 Example 12: Validation accuracy 0.728276
******* Epoch 6 Example 13: Validation accuracy 0.564796
******* Epoch 6 Example 14: Validation accuracy 0.681839
******* Epoch 6 Example 15: Validation accuracy 0.563157
******* Epoch 6 Example 16: Validation accuracy 0.798332
******* Epoch 6 Example 17: Validation accuracy 0.705976
******* Epoch 6 Example 18: Validation accuracy 0.844017
******* Epoch 6 Example 19: Validation accuracy 0.066643
******* Epoch 6 Example 20: Validation accuracy 0.604322
******* Epoch 6 Example 21: Validation accuracy 0.353005
******* Epoch 6 Example 22: Validation accuracy 0.653572
******* Epoch 6 Example 23: Validation accuracy 0.823824
******* Epoch 6 Example 24: Validation accuracy 0.808519
******* Epoch 6 Example 25: Validation accuracy 0.477478
******* Epoch 6 Example 26: Validation accuracy 0.797738
******* Epoch 6 Example 27: Validation accuracy 0.677495
******* Epoch 6 Example 28: Validation accuracy 0.727352
******* Epoch 6 Example 29: Validation accuracy 0.363205
******* Epoch 6 Example 30: Validation accuracy 0.457564
******* Epoch 6 Example 31: Validation accuracy 0.513044
******* Epoch 6 Example 32: Validation accuracy 0.693863
******* Epoch 6 Example 33: Validation accuracy 0.528513
******* Epoch 6 Example 34: Validation accuracy 0.515586
******* Epoch 6 Example 35: Validation accuracy 0.928183
******* Epoch 6 Example 36: Validation accuracy 0.773756
******* Epoch 6 Example 37: Validation accuracy 0.784828
******* Epoch 6 Example 38: Validation accuracy 0.881240
******* Epoch 6 Example 39: Validation accuracy 0.674968
******* Epoch 6 Example 40: Validation accuracy 0.268481
******* Epoch 6 Example 41: Validation accuracy 0.495479
******* Epoch 6 Example 42: Validation accuracy 0.796335
******* Epoch 6 Example 43: Validation accuracy 0.405167
******* Epoch 6 Example 44: Validation accuracy 0.553278
******* Epoch 6 Example 45: Validation accuracy 0.613444
******************** Epoch 6: Validation dice score 0.630317

test

******* Epoch 6 Example 0: Test accuracy 0.748040
******* Epoch 6 Example 1: Test accuracy 0.342453
******* Epoch 6 Example 2: Test accuracy 0.735675
******* Epoch 6 Example 3: Test accuracy 0.627817
******* Epoch 6 Example 4: Test accuracy 0.121092
******* Epoch 6 Example 5: Test accuracy 0.434545
******* Epoch 6 Example 6: Test accuracy 0.638504
******* Epoch 6 Example 7: Test accuracy 0.384017
******* Epoch 6 Example 8: Test accuracy 0.558893
******* Epoch 6 Example 9: Test accuracy 0.614414
******* Epoch 6 Example 10: Test accuracy 0.645225
******* Epoch 6 Example 11: Test accuracy 0.794246
******* Epoch 6 Example 12: Test accuracy 0.492833
******* Epoch 6 Example 13: Test accuracy 0.541631
******* Epoch 6 Example 14: Test accuracy 0.642114
******* Epoch 6 Example 15: Test accuracy 0.319670
******* Epoch 6 Example 16: Test accuracy 0.597190
******* Epoch 6 Example 17: Test accuracy 0.543612
******* Epoch 6 Example 18: Test accuracy 0.601553
******* Epoch 6 Example 19: Test accuracy 0.020297
******* Epoch 6 Example 20: Test accuracy 0.397659
******* Epoch 6 Example 21: Test accuracy 0.232816
******* Epoch 6 Example 22: Test accuracy 0.473123
******* Epoch 6 Example 23: Test accuracy 0.719885
******* Epoch 6 Example 24: Test accuracy 0.634834
******* Epoch 6 Example 25: Test accuracy 0.372770
******* Epoch 6 Example 26: Test accuracy 0.618623
******* Epoch 6 Example 27: Test accuracy 0.534091
******* Epoch 6 Example 28: Test accuracy 0.473604
******* Epoch 6 Example 29: Test accuracy 0.294471
******* Epoch 6 Example 30: Test accuracy 0.450761
******* Epoch 6 Example 31: Test accuracy 0.393447
******* Epoch 6 Example 32: Test accuracy 0.612468
******* Epoch 6 Example 33: Test accuracy 0.210741
******* Epoch 6 Example 34: Test accuracy 0.415398
******* Epoch 6 Example 35: Test accuracy 0.888386
******* Epoch 6 Example 36: Test accuracy 0.688773
******* Epoch 6 Example 37: Test accuracy 0.604819
******* Epoch 6 Example 38: Test accuracy 0.836850
******* Epoch 6 Example 39: Test accuracy 0.524893
******* Epoch 6 Example 40: Test accuracy 0.254351
******* Epoch 6 Example 41: Test accuracy 0.454301
******* Epoch 6 Example 42: Test accuracy 0.783645
******* Epoch 6 Example 43: Test accuracy 0.383092
******* Epoch 6 Example 44: Test accuracy 0.210080
******* Epoch 6 Example 45: Test accuracy 0.437593
Saving checkpoint to /share/PI/ogevaert/shirley/rembrandt/fine_tune_result/fine_tune_02/fcn/fine_tune/fcn_finetune.ckpt ......
******************** Epoch 6: Test dice score 0.506637

################################################### saving training losses to /share/PI/ogevaert/shirley/rembrandt/fine_tune_result/fine_tune_02/fcn/fine_tune/fcn_finetune_results.npz 


epoch 7

fine_tuning

******* Epoch 7 Example 0: Training loss 0.135064
******* Epoch 7 Example 1: Training loss 0.187054
******* Epoch 7 Example 2: Training loss 0.121298
******* Epoch 7 Example 3: Training loss 0.109738
******* Epoch 7 Example 4: Training loss 0.073373
******* Epoch 7 Example 5: Training loss 0.224412
******* Epoch 7 Example 6: Training loss 0.103056
******* Epoch 7 Example 7: Training loss 0.120613
******* Epoch 7 Example 8: Training loss 0.085006
******* Epoch 7 Example 9: Training loss 0.170674
******* Epoch 7 Example 10: Training loss 0.114725
******************** Epoch 7: Training dice score 0.819122

################################################### saving training losses to /share/PI/ogevaert/shirley/rembrandt/fine_tune_result/fine_tune_02/fcn/fine_tune/fcn_finetune_results.npz 


epoch 8

fine_tuning

******* Epoch 8 Example 0: Training loss 0.127748
******* Epoch 8 Example 1: Training loss 0.191884
******* Epoch 8 Example 2: Training loss 0.122783
******* Epoch 8 Example 3: Training loss 0.113760
******* Epoch 8 Example 4: Training loss 0.070129
******* Epoch 8 Example 5: Training loss 0.214752
******* Epoch 8 Example 6: Training loss 0.102339
******* Epoch 8 Example 7: Training loss 0.120776
******* Epoch 8 Example 8: Training loss 0.081844
******* Epoch 8 Example 9: Training loss 0.166184
******* Epoch 8 Example 10: Training loss 0.102924
******************** Epoch 8: Training dice score 0.822373

################################################### saving training losses to /share/PI/ogevaert/shirley/rembrandt/fine_tune_result/fine_tune_02/fcn/fine_tune/fcn_finetune_results.npz 


epoch 9

fine_tuning

******* Epoch 9 Example 0: Training loss 0.136056
******* Epoch 9 Example 1: Training loss 0.184062
******* Epoch 9 Example 2: Training loss 0.115163
******* Epoch 9 Example 3: Training loss 0.111092
******* Epoch 9 Example 4: Training loss 0.070294
******* Epoch 9 Example 5: Training loss 0.206634
******* Epoch 9 Example 6: Training loss 0.101589
******* Epoch 9 Example 7: Training loss 0.122348
******* Epoch 9 Example 8: Training loss 0.086016
******* Epoch 9 Example 9: Training loss 0.157254
******* Epoch 9 Example 10: Training loss 0.109876
******************** Epoch 9: Training dice score 0.823370

validate

******* Epoch 9 Example 0: Validation accuracy 0.810298
******* Epoch 9 Example 1: Validation accuracy 0.432322
******* Epoch 9 Example 2: Validation accuracy 0.871152
******* Epoch 9 Example 3: Validation accuracy 0.851099
******* Epoch 9 Example 4: Validation accuracy 0.196292
******* Epoch 9 Example 5: Validation accuracy 0.450117
******* Epoch 9 Example 6: Validation accuracy 0.849275
******* Epoch 9 Example 7: Validation accuracy 0.630135
******* Epoch 9 Example 8: Validation accuracy 0.583749
******* Epoch 9 Example 9: Validation accuracy 0.725312
******* Epoch 9 Example 10: Validation accuracy 0.700498
******* Epoch 9 Example 11: Validation accuracy 0.861823
******* Epoch 9 Example 12: Validation accuracy 0.715283
******* Epoch 9 Example 13: Validation accuracy 0.573650
******* Epoch 9 Example 14: Validation accuracy 0.693601
******* Epoch 9 Example 15: Validation accuracy 0.579525
******* Epoch 9 Example 16: Validation accuracy 0.790605
******* Epoch 9 Example 17: Validation accuracy 0.707764
******* Epoch 9 Example 18: Validation accuracy 0.850575
******* Epoch 9 Example 19: Validation accuracy 0.074637
******* Epoch 9 Example 20: Validation accuracy 0.601665
******* Epoch 9 Example 21: Validation accuracy 0.362198
******* Epoch 9 Example 22: Validation accuracy 0.649869
******* Epoch 9 Example 23: Validation accuracy 0.839182
******* Epoch 9 Example 24: Validation accuracy 0.808002
******* Epoch 9 Example 25: Validation accuracy 0.489393
******* Epoch 9 Example 26: Validation accuracy 0.806556
******* Epoch 9 Example 27: Validation accuracy 0.673443
******* Epoch 9 Example 28: Validation accuracy 0.726507
******* Epoch 9 Example 29: Validation accuracy 0.350478
******* Epoch 9 Example 30: Validation accuracy 0.484109
******* Epoch 9 Example 31: Validation accuracy 0.526616
******* Epoch 9 Example 32: Validation accuracy 0.691264
******* Epoch 9 Example 33: Validation accuracy 0.544921
******* Epoch 9 Example 34: Validation accuracy 0.508003
******* Epoch 9 Example 35: Validation accuracy 0.926709
******* Epoch 9 Example 36: Validation accuracy 0.765406
******* Epoch 9 Example 37: Validation accuracy 0.778978
******* Epoch 9 Example 38: Validation accuracy 0.886583
******* Epoch 9 Example 39: Validation accuracy 0.667224
******* Epoch 9 Example 40: Validation accuracy 0.257501
******* Epoch 9 Example 41: Validation accuracy 0.544637
******* Epoch 9 Example 42: Validation accuracy 0.810015
******* Epoch 9 Example 43: Validation accuracy 0.414972
******* Epoch 9 Example 44: Validation accuracy 0.598414
******* Epoch 9 Example 45: Validation accuracy 0.597747
******************** Epoch 9: Validation dice score 0.636046

test

******* Epoch 9 Example 0: Test accuracy 0.736597
******* Epoch 9 Example 1: Test accuracy 0.352652
******* Epoch 9 Example 2: Test accuracy 0.717728
******* Epoch 9 Example 3: Test accuracy 0.640504
******* Epoch 9 Example 4: Test accuracy 0.116769
******* Epoch 9 Example 5: Test accuracy 0.439585
******* Epoch 9 Example 6: Test accuracy 0.649632
******* Epoch 9 Example 7: Test accuracy 0.390694
******* Epoch 9 Example 8: Test accuracy 0.587416
******* Epoch 9 Example 9: Test accuracy 0.620506
******* Epoch 9 Example 10: Test accuracy 0.640592
******* Epoch 9 Example 11: Test accuracy 0.802491
******* Epoch 9 Example 12: Test accuracy 0.489126
******* Epoch 9 Example 13: Test accuracy 0.527279
******* Epoch 9 Example 14: Test accuracy 0.636773
******* Epoch 9 Example 15: Test accuracy 0.330174
******* Epoch 9 Example 16: Test accuracy 0.577912
******* Epoch 9 Example 17: Test accuracy 0.544273
******* Epoch 9 Example 18: Test accuracy 0.602737
******* Epoch 9 Example 19: Test accuracy 0.022556
******* Epoch 9 Example 20: Test accuracy 0.406321
******* Epoch 9 Example 21: Test accuracy 0.239944
******* Epoch 9 Example 22: Test accuracy 0.469896
******* Epoch 9 Example 23: Test accuracy 0.725670
******* Epoch 9 Example 24: Test accuracy 0.636559
******* Epoch 9 Example 25: Test accuracy 0.369643
******* Epoch 9 Example 26: Test accuracy 0.644349
******* Epoch 9 Example 27: Test accuracy 0.534080
******* Epoch 9 Example 28: Test accuracy 0.473460
******* Epoch 9 Example 29: Test accuracy 0.313433
******* Epoch 9 Example 30: Test accuracy 0.459915
******* Epoch 9 Example 31: Test accuracy 0.404762
******* Epoch 9 Example 32: Test accuracy 0.636218
******* Epoch 9 Example 33: Test accuracy 0.226626
******* Epoch 9 Example 34: Test accuracy 0.415278
******* Epoch 9 Example 35: Test accuracy 0.883416
******* Epoch 9 Example 36: Test accuracy 0.691606
******* Epoch 9 Example 37: Test accuracy 0.582766
******* Epoch 9 Example 38: Test accuracy 0.843650
******* Epoch 9 Example 39: Test accuracy 0.518331
******* Epoch 9 Example 40: Test accuracy 0.253910
******* Epoch 9 Example 41: Test accuracy 0.469427
******* Epoch 9 Example 42: Test accuracy 0.796508
******* Epoch 9 Example 43: Test accuracy 0.398728
******* Epoch 9 Example 44: Test accuracy 0.225663
******* Epoch 9 Example 45: Test accuracy 0.412735
Saving checkpoint to /share/PI/ogevaert/shirley/rembrandt/fine_tune_result/fine_tune_02/fcn/fine_tune/fcn_finetune.ckpt ......
******************** Epoch 9: Test dice score 0.509976

################################################### saving training losses to /share/PI/ogevaert/shirley/rembrandt/fine_tune_result/fine_tune_02/fcn/fine_tune/fcn_finetune_results.npz 


epoch 10

fine_tuning

******* Epoch 10 Example 0: Training loss 0.129890
******* Epoch 10 Example 1: Training loss 0.182624
******* Epoch 10 Example 2: Training loss 0.120714
******* Epoch 10 Example 3: Training loss 0.113377
******* Epoch 10 Example 4: Training loss 0.065792
******* Epoch 10 Example 5: Training loss 0.194160
******* Epoch 10 Example 6: Training loss 0.098523
******* Epoch 10 Example 7: Training loss 0.113667
******* Epoch 10 Example 8: Training loss 0.082223
******* Epoch 10 Example 9: Training loss 0.160898
******* Epoch 10 Example 10: Training loss 0.098613
******************** Epoch 10: Training dice score 0.828075

################################################### saving training losses to /share/PI/ogevaert/shirley/rembrandt/fine_tune_result/fine_tune_02/fcn/fine_tune/fcn_finetune_results.npz 


epoch 11

fine_tuning

******* Epoch 11 Example 0: Training loss 0.127622
******* Epoch 11 Example 1: Training loss 0.172364
******* Epoch 11 Example 2: Training loss 0.110493
******* Epoch 11 Example 3: Training loss 0.113400
******* Epoch 11 Example 4: Training loss 0.066689
******* Epoch 11 Example 5: Training loss 0.183515
******* Epoch 11 Example 6: Training loss 0.092083
******* Epoch 11 Example 7: Training loss 0.114770
******* Epoch 11 Example 8: Training loss 0.082452
******* Epoch 11 Example 9: Training loss 0.152316
******* Epoch 11 Example 10: Training loss 0.101953
******************** Epoch 11: Training dice score 0.830543

################################################### saving training losses to /share/PI/ogevaert/shirley/rembrandt/fine_tune_result/fine_tune_02/fcn/fine_tune/fcn_finetune_results.npz 


epoch 12

fine_tuning

******* Epoch 12 Example 0: Training loss 0.127196
******* Epoch 12 Example 1: Training loss 0.173653
******* Epoch 12 Example 2: Training loss 0.102707
******* Epoch 12 Example 3: Training loss 0.117881
******* Epoch 12 Example 4: Training loss 0.065898
******* Epoch 12 Example 5: Training loss 0.185155
******* Epoch 12 Example 6: Training loss 0.090033
******* Epoch 12 Example 7: Training loss 0.110117
******* Epoch 12 Example 8: Training loss 0.083528
******* Epoch 12 Example 9: Training loss 0.151594
******* Epoch 12 Example 10: Training loss 0.099537
******************** Epoch 12: Training dice score 0.832615

validate

******* Epoch 12 Example 0: Validation accuracy 0.806580
******* Epoch 12 Example 1: Validation accuracy 0.426306
******* Epoch 12 Example 2: Validation accuracy 0.869693
******* Epoch 12 Example 3: Validation accuracy 0.847213
******* Epoch 12 Example 4: Validation accuracy 0.173869
******* Epoch 12 Example 5: Validation accuracy 0.446821
******* Epoch 12 Example 6: Validation accuracy 0.846959
******* Epoch 12 Example 7: Validation accuracy 0.620204
******* Epoch 12 Example 8: Validation accuracy 0.566155
******* Epoch 12 Example 9: Validation accuracy 0.726406
******* Epoch 12 Example 10: Validation accuracy 0.710876
******* Epoch 12 Example 11: Validation accuracy 0.862416
******* Epoch 12 Example 12: Validation accuracy 0.701924
******* Epoch 12 Example 13: Validation accuracy 0.561706
******* Epoch 12 Example 14: Validation accuracy 0.673250
******* Epoch 12 Example 15: Validation accuracy 0.578864
******* Epoch 12 Example 16: Validation accuracy 0.778516
******* Epoch 12 Example 17: Validation accuracy 0.679374
******* Epoch 12 Example 18: Validation accuracy 0.855915
******* Epoch 12 Example 19: Validation accuracy 0.047073
******* Epoch 12 Example 20: Validation accuracy 0.619504
******* Epoch 12 Example 21: Validation accuracy 0.330705
******* Epoch 12 Example 22: Validation accuracy 0.635437
******* Epoch 12 Example 23: Validation accuracy 0.840788
******* Epoch 12 Example 24: Validation accuracy 0.808028
******* Epoch 12 Example 25: Validation accuracy 0.482311
******* Epoch 12 Example 26: Validation accuracy 0.822295
******* Epoch 12 Example 27: Validation accuracy 0.654048
******* Epoch 12 Example 28: Validation accuracy 0.717067
******* Epoch 12 Example 29: Validation accuracy 0.362855
******* Epoch 12 Example 30: Validation accuracy 0.464387
******* Epoch 12 Example 31: Validation accuracy 0.527909
******* Epoch 12 Example 32: Validation accuracy 0.695250
******* Epoch 12 Example 33: Validation accuracy 0.540359
******* Epoch 12 Example 34: Validation accuracy 0.499442
******* Epoch 12 Example 35: Validation accuracy 0.927620
******* Epoch 12 Example 36: Validation accuracy 0.773030
******* Epoch 12 Example 37: Validation accuracy 0.776406
******* Epoch 12 Example 38: Validation accuracy 0.881575
******* Epoch 12 Example 39: Validation accuracy 0.668359
******* Epoch 12 Example 40: Validation accuracy 0.247151
******* Epoch 12 Example 41: Validation accuracy 0.555237
******* Epoch 12 Example 42: Validation accuracy 0.809869
******* Epoch 12 Example 43: Validation accuracy 0.416488
******* Epoch 12 Example 44: Validation accuracy 0.564577
******* Epoch 12 Example 45: Validation accuracy 0.603828
******************** Epoch 12: Validation dice score 0.630536

test

******* Epoch 12 Example 0: Test accuracy 0.739238
******* Epoch 12 Example 1: Test accuracy 0.359296
******* Epoch 12 Example 2: Test accuracy 0.726340
******* Epoch 12 Example 3: Test accuracy 0.669368
******* Epoch 12 Example 4: Test accuracy 0.096900
******* Epoch 12 Example 5: Test accuracy 0.427700
******* Epoch 12 Example 6: Test accuracy 0.672211
******* Epoch 12 Example 7: Test accuracy 0.401000
******* Epoch 12 Example 8: Test accuracy 0.588627
******* Epoch 12 Example 9: Test accuracy 0.619633
******* Epoch 12 Example 10: Test accuracy 0.626630
******* Epoch 12 Example 11: Test accuracy 0.814581
******* Epoch 12 Example 12: Test accuracy 0.489456
******* Epoch 12 Example 13: Test accuracy 0.507923
******* Epoch 12 Example 14: Test accuracy 0.629495
******* Epoch 12 Example 15: Test accuracy 0.329156
******* Epoch 12 Example 16: Test accuracy 0.585989
******* Epoch 12 Example 17: Test accuracy 0.537566
******* Epoch 12 Example 18: Test accuracy 0.636167
******* Epoch 12 Example 19: Test accuracy 0.019939
******* Epoch 12 Example 20: Test accuracy 0.408200
******* Epoch 12 Example 21: Test accuracy 0.226142
******* Epoch 12 Example 22: Test accuracy 0.473037
******* Epoch 12 Example 23: Test accuracy 0.724679
******* Epoch 12 Example 24: Test accuracy 0.637098
******* Epoch 12 Example 25: Test accuracy 0.362683
******* Epoch 12 Example 26: Test accuracy 0.673792
******* Epoch 12 Example 27: Test accuracy 0.518830
******* Epoch 12 Example 28: Test accuracy 0.463681
******* Epoch 12 Example 29: Test accuracy 0.327842
******* Epoch 12 Example 30: Test accuracy 0.447156
******* Epoch 12 Example 31: Test accuracy 0.402671
******* Epoch 12 Example 32: Test accuracy 0.635718
******* Epoch 12 Example 33: Test accuracy 0.262857
******* Epoch 12 Example 34: Test accuracy 0.404333
******* Epoch 12 Example 35: Test accuracy 0.884993
******* Epoch 12 Example 36: Test accuracy 0.692228
******* Epoch 12 Example 37: Test accuracy 0.582504
******* Epoch 12 Example 38: Test accuracy 0.843472
******* Epoch 12 Example 39: Test accuracy 0.513998
******* Epoch 12 Example 40: Test accuracy 0.234309
******* Epoch 12 Example 41: Test accuracy 0.473510
******* Epoch 12 Example 42: Test accuracy 0.798442
******* Epoch 12 Example 43: Test accuracy 0.402794
******* Epoch 12 Example 44: Test accuracy 0.200338
******* Epoch 12 Example 45: Test accuracy 0.437601
Saving checkpoint to /share/PI/ogevaert/shirley/rembrandt/fine_tune_result/fine_tune_02/fcn/fine_tune/fcn_finetune.ckpt ......
******************** Epoch 12: Test dice score 0.511090

################################################### saving training losses to /share/PI/ogevaert/shirley/rembrandt/fine_tune_result/fine_tune_02/fcn/fine_tune/fcn_finetune_results.npz 


epoch 13

fine_tuning

******* Epoch 13 Example 0: Training loss 0.128844
******* Epoch 13 Example 1: Training loss 0.180428
******* Epoch 13 Example 2: Training loss 0.102508
******* Epoch 13 Example 3: Training loss 0.113160
******* Epoch 13 Example 4: Training loss 0.069883
******* Epoch 13 Example 5: Training loss 0.179345
******* Epoch 13 Example 6: Training loss 0.091042
******* Epoch 13 Example 7: Training loss 0.106553
******* Epoch 13 Example 8: Training loss 0.079147
******* Epoch 13 Example 9: Training loss 0.143883
******* Epoch 13 Example 10: Training loss 0.104400
******************** Epoch 13: Training dice score 0.836227

################################################### saving training losses to /share/PI/ogevaert/shirley/rembrandt/fine_tune_result/fine_tune_02/fcn/fine_tune/fcn_finetune_results.npz 


epoch 14

fine_tuning

******* Epoch 14 Example 0: Training loss 0.122561
******* Epoch 14 Example 1: Training loss 0.174683
******* Epoch 14 Example 2: Training loss 0.106876
******* Epoch 14 Example 3: Training loss 0.107743
******* Epoch 14 Example 4: Training loss 0.066098
******* Epoch 14 Example 5: Training loss 0.172342
******* Epoch 14 Example 6: Training loss 0.089537
******* Epoch 14 Example 7: Training loss 0.102924
******* Epoch 14 Example 8: Training loss 0.078957
******* Epoch 14 Example 9: Training loss 0.154085
******* Epoch 14 Example 10: Training loss 0.097665
******************** Epoch 14: Training dice score 0.838296

################################################### saving training losses to /share/PI/ogevaert/shirley/rembrandt/fine_tune_result/fine_tune_02/fcn/fine_tune/fcn_finetune_results.npz 


epoch 15

fine_tuning

******* Epoch 15 Example 0: Training loss 0.127034
******* Epoch 15 Example 1: Training loss 0.172054
******* Epoch 15 Example 2: Training loss 0.101142
******* Epoch 15 Example 3: Training loss 0.109292
******* Epoch 15 Example 4: Training loss 0.065459
******* Epoch 15 Example 5: Training loss 0.168165
******* Epoch 15 Example 6: Training loss 0.084970
******* Epoch 15 Example 7: Training loss 0.103706
******* Epoch 15 Example 8: Training loss 0.082980
******* Epoch 15 Example 9: Training loss 0.139726
******* Epoch 15 Example 10: Training loss 0.095051
******************** Epoch 15: Training dice score 0.839741

validate

******* Epoch 15 Example 0: Validation accuracy 0.802887
******* Epoch 15 Example 1: Validation accuracy 0.451756
******* Epoch 15 Example 2: Validation accuracy 0.874240
******* Epoch 15 Example 3: Validation accuracy 0.830985
******* Epoch 15 Example 4: Validation accuracy 0.175720
******* Epoch 15 Example 5: Validation accuracy 0.426206
******* Epoch 15 Example 6: Validation accuracy 0.847410
******* Epoch 15 Example 7: Validation accuracy 0.636180
******* Epoch 15 Example 8: Validation accuracy 0.587999
******* Epoch 15 Example 9: Validation accuracy 0.719146
******* Epoch 15 Example 10: Validation accuracy 0.694355
******* Epoch 15 Example 11: Validation accuracy 0.865185
******* Epoch 15 Example 12: Validation accuracy 0.696316
******* Epoch 15 Example 13: Validation accuracy 0.552705
******* Epoch 15 Example 14: Validation accuracy 0.682755
******* Epoch 15 Example 15: Validation accuracy 0.593406
******* Epoch 15 Example 16: Validation accuracy 0.757450
******* Epoch 15 Example 17: Validation accuracy 0.704565
******* Epoch 15 Example 18: Validation accuracy 0.842520
******* Epoch 15 Example 19: Validation accuracy 0.044490
******* Epoch 15 Example 20: Validation accuracy 0.609471
******* Epoch 15 Example 21: Validation accuracy 0.333085
******* Epoch 15 Example 22: Validation accuracy 0.643951
******* Epoch 15 Example 23: Validation accuracy 0.844096
******* Epoch 15 Example 24: Validation accuracy 0.814096
******* Epoch 15 Example 25: Validation accuracy 0.479449
******* Epoch 15 Example 26: Validation accuracy 0.821223
******* Epoch 15 Example 27: Validation accuracy 0.665692
******* Epoch 15 Example 28: Validation accuracy 0.723106
******* Epoch 15 Example 29: Validation accuracy 0.345894
******* Epoch 15 Example 30: Validation accuracy 0.473841
******* Epoch 15 Example 31: Validation accuracy 0.533309
******* Epoch 15 Example 32: Validation accuracy 0.690469
******* Epoch 15 Example 33: Validation accuracy 0.515157
******* Epoch 15 Example 34: Validation accuracy 0.506410
******* Epoch 15 Example 35: Validation accuracy 0.924659
******* Epoch 15 Example 36: Validation accuracy 0.769414
******* Epoch 15 Example 37: Validation accuracy 0.781257
******* Epoch 15 Example 38: Validation accuracy 0.887546
******* Epoch 15 Example 39: Validation accuracy 0.663913
******* Epoch 15 Example 40: Validation accuracy 0.228229
******* Epoch 15 Example 41: Validation accuracy 0.565157
******* Epoch 15 Example 42: Validation accuracy 0.809373
******* Epoch 15 Example 43: Validation accuracy 0.412078
******* Epoch 15 Example 44: Validation accuracy 0.578925
******* Epoch 15 Example 45: Validation accuracy 0.614644
******************** Epoch 15: Validation dice score 0.630885

test

******* Epoch 15 Example 0: Test accuracy 0.739275
******* Epoch 15 Example 1: Test accuracy 0.366822
******* Epoch 15 Example 2: Test accuracy 0.737034
******* Epoch 15 Example 3: Test accuracy 0.684039
******* Epoch 15 Example 4: Test accuracy 0.090539
******* Epoch 15 Example 5: Test accuracy 0.401137
******* Epoch 15 Example 6: Test accuracy 0.681567
******* Epoch 15 Example 7: Test accuracy 0.413863
******* Epoch 15 Example 8: Test accuracy 0.602696
******* Epoch 15 Example 9: Test accuracy 0.619180
******* Epoch 15 Example 10: Test accuracy 0.618052
******* Epoch 15 Example 11: Test accuracy 0.817730
******* Epoch 15 Example 12: Test accuracy 0.488349
******* Epoch 15 Example 13: Test accuracy 0.495592
******* Epoch 15 Example 14: Test accuracy 0.626092
******* Epoch 15 Example 15: Test accuracy 0.341797
******* Epoch 15 Example 16: Test accuracy 0.582453
******* Epoch 15 Example 17: Test accuracy 0.540048
******* Epoch 15 Example 18: Test accuracy 0.621672
******* Epoch 15 Example 19: Test accuracy 0.015351
******* Epoch 15 Example 20: Test accuracy 0.414455
******* Epoch 15 Example 21: Test accuracy 0.232841
******* Epoch 15 Example 22: Test accuracy 0.485610
******* Epoch 15 Example 23: Test accuracy 0.730235
******* Epoch 15 Example 24: Test accuracy 0.644305
******* Epoch 15 Example 25: Test accuracy 0.366488
******* Epoch 15 Example 26: Test accuracy 0.678808
******* Epoch 15 Example 27: Test accuracy 0.524167
******* Epoch 15 Example 28: Test accuracy 0.472113
******* Epoch 15 Example 29: Test accuracy 0.335112
******* Epoch 15 Example 30: Test accuracy 0.451358
******* Epoch 15 Example 31: Test accuracy 0.410964
******* Epoch 15 Example 32: Test accuracy 0.641982
******* Epoch 15 Example 33: Test accuracy 0.245511
******* Epoch 15 Example 34: Test accuracy 0.402460
******* Epoch 15 Example 35: Test accuracy 0.882013
******* Epoch 15 Example 36: Test accuracy 0.696744
******* Epoch 15 Example 37: Test accuracy 0.581826
******* Epoch 15 Example 38: Test accuracy 0.839563
******* Epoch 15 Example 39: Test accuracy 0.514132
******* Epoch 15 Example 40: Test accuracy 0.226995
******* Epoch 15 Example 41: Test accuracy 0.484617
******* Epoch 15 Example 42: Test accuracy 0.801128
******* Epoch 15 Example 43: Test accuracy 0.410932
******* Epoch 15 Example 44: Test accuracy 0.212301
******* Epoch 15 Example 45: Test accuracy 0.431602
Saving checkpoint to /share/PI/ogevaert/shirley/rembrandt/fine_tune_result/fine_tune_02/fcn/fine_tune/fcn_finetune.ckpt ......
******************** Epoch 15: Test dice score 0.513077

################################################### saving training losses to /share/PI/ogevaert/shirley/rembrandt/fine_tune_result/fine_tune_02/fcn/fine_tune/fcn_finetune_results.npz 


epoch 16

fine_tuning

******* Epoch 16 Example 0: Training loss 0.122015
******* Epoch 16 Example 1: Training loss 0.165407
******* Epoch 16 Example 2: Training loss 0.099662
******* Epoch 16 Example 3: Training loss 0.108811
******* Epoch 16 Example 4: Training loss 0.065280
******* Epoch 16 Example 5: Training loss 0.158976
******* Epoch 16 Example 6: Training loss 0.081919
******* Epoch 16 Example 7: Training loss 0.098352
******* Epoch 16 Example 8: Training loss 0.080730
******* Epoch 16 Example 9: Training loss 0.147616
******* Epoch 16 Example 10: Training loss 0.092437
******************** Epoch 16: Training dice score 0.843725

################################################### saving training losses to /share/PI/ogevaert/shirley/rembrandt/fine_tune_result/fine_tune_02/fcn/fine_tune/fcn_finetune_results.npz 


epoch 17

fine_tuning

******* Epoch 17 Example 0: Training loss 0.112480
******* Epoch 17 Example 1: Training loss 0.169887
******* Epoch 17 Example 2: Training loss 0.093187
******* Epoch 17 Example 3: Training loss 0.104904
******* Epoch 17 Example 4: Training loss 0.065953
******* Epoch 17 Example 5: Training loss 0.153990
******* Epoch 17 Example 6: Training loss 0.080533
******* Epoch 17 Example 7: Training loss 0.097936
******* Epoch 17 Example 8: Training loss 0.079541
******* Epoch 17 Example 9: Training loss 0.144531
******* Epoch 17 Example 10: Training loss 0.088758
******************** Epoch 17: Training dice score 0.845154

################################################### saving training losses to /share/PI/ogevaert/shirley/rembrandt/fine_tune_result/fine_tune_02/fcn/fine_tune/fcn_finetune_results.npz 


epoch 18

fine_tuning

******* Epoch 18 Example 0: Training loss 0.119987
******* Epoch 18 Example 1: Training loss 0.168902
******* Epoch 18 Example 2: Training loss 0.095795
******* Epoch 18 Example 3: Training loss 0.107510
******* Epoch 18 Example 4: Training loss 0.064137
******* Epoch 18 Example 5: Training loss 0.154297
******* Epoch 18 Example 6: Training loss 0.079697
******* Epoch 18 Example 7: Training loss 0.100269
******* Epoch 18 Example 8: Training loss 0.075560
******* Epoch 18 Example 9: Training loss 0.136792
******* Epoch 18 Example 10: Training loss 0.094587
******************** Epoch 18: Training dice score 0.848587

validate

******* Epoch 18 Example 0: Validation accuracy 0.797806
******* Epoch 18 Example 1: Validation accuracy 0.449073
******* Epoch 18 Example 2: Validation accuracy 0.869504
******* Epoch 18 Example 3: Validation accuracy 0.836475
******* Epoch 18 Example 4: Validation accuracy 0.142185
******* Epoch 18 Example 5: Validation accuracy 0.414829
******* Epoch 18 Example 6: Validation accuracy 0.852524
******* Epoch 18 Example 7: Validation accuracy 0.647004
******* Epoch 18 Example 8: Validation accuracy 0.538647
******* Epoch 18 Example 9: Validation accuracy 0.731102
******* Epoch 18 Example 10: Validation accuracy 0.681966
******* Epoch 18 Example 11: Validation accuracy 0.865301
******* Epoch 18 Example 12: Validation accuracy 0.693364
******* Epoch 18 Example 13: Validation accuracy 0.538524
******* Epoch 18 Example 14: Validation accuracy 0.684763
******* Epoch 18 Example 15: Validation accuracy 0.597779
******* Epoch 18 Example 16: Validation accuracy 0.741879
******* Epoch 18 Example 17: Validation accuracy 0.687796
******* Epoch 18 Example 18: Validation accuracy 0.830537
******* Epoch 18 Example 19: Validation accuracy 0.054082
******* Epoch 18 Example 20: Validation accuracy 0.616484
******* Epoch 18 Example 21: Validation accuracy 0.307679
******* Epoch 18 Example 22: Validation accuracy 0.640615
******* Epoch 18 Example 23: Validation accuracy 0.843423
******* Epoch 18 Example 24: Validation accuracy 0.821595
******* Epoch 18 Example 25: Validation accuracy 0.490124
******* Epoch 18 Example 26: Validation accuracy 0.817713
******* Epoch 18 Example 27: Validation accuracy 0.664099
******* Epoch 18 Example 28: Validation accuracy 0.723172
******* Epoch 18 Example 29: Validation accuracy 0.341997
******* Epoch 18 Example 30: Validation accuracy 0.460516
******* Epoch 18 Example 31: Validation accuracy 0.522679
******* Epoch 18 Example 32: Validation accuracy 0.690868
******* Epoch 18 Example 33: Validation accuracy 0.526920
******* Epoch 18 Example 34: Validation accuracy 0.489619
******* Epoch 18 Example 35: Validation accuracy 0.924429
******* Epoch 18 Example 36: Validation accuracy 0.770414
******* Epoch 18 Example 37: Validation accuracy 0.785817
******* Epoch 18 Example 38: Validation accuracy 0.884651
******* Epoch 18 Example 39: Validation accuracy 0.641582
******* Epoch 18 Example 40: Validation accuracy 0.225303
******* Epoch 18 Example 41: Validation accuracy 0.577030
******* Epoch 18 Example 42: Validation accuracy 0.812055
******* Epoch 18 Example 43: Validation accuracy 0.418098
******* Epoch 18 Example 44: Validation accuracy 0.590709
******* Epoch 18 Example 45: Validation accuracy 0.611426
******************** Epoch 18: Validation dice score 0.627264

test

******* Epoch 18 Example 0: Test accuracy 0.742834
******* Epoch 18 Example 1: Test accuracy 0.363533
******* Epoch 18 Example 2: Test accuracy 0.741539
******* Epoch 18 Example 3: Test accuracy 0.682831
******* Epoch 18 Example 4: Test accuracy 0.059781
******* Epoch 18 Example 5: Test accuracy 0.397969
******* Epoch 18 Example 6: Test accuracy 0.684589
******* Epoch 18 Example 7: Test accuracy 0.417367
******* Epoch 18 Example 8: Test accuracy 0.557060
******* Epoch 18 Example 9: Test accuracy 0.610914
******* Epoch 18 Example 10: Test accuracy 0.611526
******* Epoch 18 Example 11: Test accuracy 0.817895
******* Epoch 18 Example 12: Test accuracy 0.505977
******* Epoch 18 Example 13: Test accuracy 0.496813
******* Epoch 18 Example 14: Test accuracy 0.620108
******* Epoch 18 Example 15: Test accuracy 0.341636
******* Epoch 18 Example 16: Test accuracy 0.590617
******* Epoch 18 Example 17: Test accuracy 0.533504
******* Epoch 18 Example 18: Test accuracy 0.607569
******* Epoch 18 Example 19: Test accuracy 0.021739
******* Epoch 18 Example 20: Test accuracy 0.407459
******* Epoch 18 Example 21: Test accuracy 0.209711
******* Epoch 18 Example 22: Test accuracy 0.477154
******* Epoch 18 Example 23: Test accuracy 0.727536
******* Epoch 18 Example 24: Test accuracy 0.645890
******* Epoch 18 Example 25: Test accuracy 0.378277
******* Epoch 18 Example 26: Test accuracy 0.660379
******* Epoch 18 Example 27: Test accuracy 0.539419
******* Epoch 18 Example 28: Test accuracy 0.472888
******* Epoch 18 Example 29: Test accuracy 0.343296
******* Epoch 18 Example 30: Test accuracy 0.428742
******* Epoch 18 Example 31: Test accuracy 0.408056
******* Epoch 18 Example 32: Test accuracy 0.626966
******* Epoch 18 Example 33: Test accuracy 0.251114
******* Epoch 18 Example 34: Test accuracy 0.397403
******* Epoch 18 Example 35: Test accuracy 0.883509
******* Epoch 18 Example 36: Test accuracy 0.690533
******* Epoch 18 Example 37: Test accuracy 0.566668
******* Epoch 18 Example 38: Test accuracy 0.839971
******* Epoch 18 Example 39: Test accuracy 0.493391
******* Epoch 18 Example 40: Test accuracy 0.228791
******* Epoch 18 Example 41: Test accuracy 0.486063
******* Epoch 18 Example 42: Test accuracy 0.808825
******* Epoch 18 Example 43: Test accuracy 0.418334
******* Epoch 18 Example 44: Test accuracy 0.214127
******* Epoch 18 Example 45: Test accuracy 0.419080
******************** Epoch 18: Test dice score 0.509334

################################################### saving training losses to /share/PI/ogevaert/shirley/rembrandt/fine_tune_result/fine_tune_02/fcn/fine_tune/fcn_finetune_results.npz 


epoch 19

fine_tuning

******* Epoch 19 Example 0: Training loss 0.122798
******* Epoch 19 Example 1: Training loss 0.170350
******* Epoch 19 Example 2: Training loss 0.095728
******* Epoch 19 Example 3: Training loss 0.105788
******* Epoch 19 Example 4: Training loss 0.061682
******* Epoch 19 Example 5: Training loss 0.141260
******* Epoch 19 Example 6: Training loss 0.075952
******* Epoch 19 Example 7: Training loss 0.092897
******* Epoch 19 Example 8: Training loss 0.078335
******* Epoch 19 Example 9: Training loss 0.138319
******* Epoch 19 Example 10: Training loss 0.088344
******************** Epoch 19: Training dice score 0.849869

################################################### saving training losses to /share/PI/ogevaert/shirley/rembrandt/fine_tune_result/fine_tune_02/fcn/fine_tune/fcn_finetune_results.npz 


epoch 20

fine_tuning

******* Epoch 20 Example 0: Training loss 0.122154
******* Epoch 20 Example 1: Training loss 0.161393
******* Epoch 20 Example 2: Training loss 0.094049
******* Epoch 20 Example 3: Training loss 0.104199
******* Epoch 20 Example 4: Training loss 0.061779
******* Epoch 20 Example 5: Training loss 0.142820
******* Epoch 20 Example 6: Training loss 0.075321
******* Epoch 20 Example 7: Training loss 0.092328
******* Epoch 20 Example 8: Training loss 0.075536
******* Epoch 20 Example 9: Training loss 0.132136
******* Epoch 20 Example 10: Training loss 0.086733
******************** Epoch 20: Training dice score 0.853514

################################################### saving training losses to /share/PI/ogevaert/shirley/rembrandt/fine_tune_result/fine_tune_02/fcn/fine_tune/fcn_finetune_results.npz 


epoch 21

fine_tuning

******* Epoch 21 Example 0: Training loss 0.116351
******* Epoch 21 Example 1: Training loss 0.161275
******* Epoch 21 Example 2: Training loss 0.091484
******* Epoch 21 Example 3: Training loss 0.104531
******* Epoch 21 Example 4: Training loss 0.061634
******* Epoch 21 Example 5: Training loss 0.136776
******* Epoch 21 Example 6: Training loss 0.073645
******* Epoch 21 Example 7: Training loss 0.087977
******* Epoch 21 Example 8: Training loss 0.073605
******* Epoch 21 Example 9: Training loss 0.130838
******* Epoch 21 Example 10: Training loss 0.091025
******************** Epoch 21: Training dice score 0.854192

validate

******* Epoch 21 Example 0: Validation accuracy 0.813450
******* Epoch 21 Example 1: Validation accuracy 0.440284
******* Epoch 21 Example 2: Validation accuracy 0.872944
******* Epoch 21 Example 3: Validation accuracy 0.842946
******* Epoch 21 Example 4: Validation accuracy 0.127554
******* Epoch 21 Example 5: Validation accuracy 0.444202
******* Epoch 21 Example 6: Validation accuracy 0.855870
******* Epoch 21 Example 7: Validation accuracy 0.648427
******* Epoch 21 Example 8: Validation accuracy 0.550443
******* Epoch 21 Example 9: Validation accuracy 0.717563
******* Epoch 21 Example 10: Validation accuracy 0.678517
******* Epoch 21 Example 11: Validation accuracy 0.862187
******* Epoch 21 Example 12: Validation accuracy 0.708689
******* Epoch 21 Example 13: Validation accuracy 0.566611
******* Epoch 21 Example 14: Validation accuracy 0.683098
******* Epoch 21 Example 15: Validation accuracy 0.589754
******* Epoch 21 Example 16: Validation accuracy 0.765570
******* Epoch 21 Example 17: Validation accuracy 0.689458
******* Epoch 21 Example 18: Validation accuracy 0.844422
******* Epoch 21 Example 19: Validation accuracy 0.067854
******* Epoch 21 Example 20: Validation accuracy 0.607517
******* Epoch 21 Example 21: Validation accuracy 0.302172
******* Epoch 21 Example 22: Validation accuracy 0.646277
******* Epoch 21 Example 23: Validation accuracy 0.834022
******* Epoch 21 Example 24: Validation accuracy 0.819852
******* Epoch 21 Example 25: Validation accuracy 0.497536
******* Epoch 21 Example 26: Validation accuracy 0.826854
******* Epoch 21 Example 27: Validation accuracy 0.656206
******* Epoch 21 Example 28: Validation accuracy 0.707506
******* Epoch 21 Example 29: Validation accuracy 0.335999
******* Epoch 21 Example 30: Validation accuracy 0.446080
******* Epoch 21 Example 31: Validation accuracy 0.538596
******* Epoch 21 Example 32: Validation accuracy 0.681843
******* Epoch 21 Example 33: Validation accuracy 0.520759
******* Epoch 21 Example 34: Validation accuracy 0.499813
******* Epoch 21 Example 35: Validation accuracy 0.929556
******* Epoch 21 Example 36: Validation accuracy 0.780605
******* Epoch 21 Example 37: Validation accuracy 0.781101
******* Epoch 21 Example 38: Validation accuracy 0.888482
******* Epoch 21 Example 39: Validation accuracy 0.633110
******* Epoch 21 Example 40: Validation accuracy 0.249099
******* Epoch 21 Example 41: Validation accuracy 0.561494
******* Epoch 21 Example 42: Validation accuracy 0.813861
******* Epoch 21 Example 43: Validation accuracy 0.431566
******* Epoch 21 Example 44: Validation accuracy 0.581077
******* Epoch 21 Example 45: Validation accuracy 0.618317
******************** Epoch 21: Validation dice score 0.629547

test

******* Epoch 21 Example 0: Test accuracy 0.762556
******* Epoch 21 Example 1: Test accuracy 0.353054
******* Epoch 21 Example 2: Test accuracy 0.769756
******* Epoch 21 Example 3: Test accuracy 0.701191
******* Epoch 21 Example 4: Test accuracy 0.054445
******* Epoch 21 Example 5: Test accuracy 0.424545
******* Epoch 21 Example 6: Test accuracy 0.695907
******* Epoch 21 Example 7: Test accuracy 0.421395
******* Epoch 21 Example 8: Test accuracy 0.544551
******* Epoch 21 Example 9: Test accuracy 0.608502
******* Epoch 21 Example 10: Test accuracy 0.613059
******* Epoch 21 Example 11: Test accuracy 0.818829
******* Epoch 21 Example 12: Test accuracy 0.518191
******* Epoch 21 Example 13: Test accuracy 0.511739
******* Epoch 21 Example 14: Test accuracy 0.619122
******* Epoch 21 Example 15: Test accuracy 0.339445
******* Epoch 21 Example 16: Test accuracy 0.608922
******* Epoch 21 Example 17: Test accuracy 0.529158
******* Epoch 21 Example 18: Test accuracy 0.648926
******* Epoch 21 Example 19: Test accuracy 0.035007
******* Epoch 21 Example 20: Test accuracy 0.391333
******* Epoch 21 Example 21: Test accuracy 0.193338
******* Epoch 21 Example 22: Test accuracy 0.473670
******* Epoch 21 Example 23: Test accuracy 0.727572
******* Epoch 21 Example 24: Test accuracy 0.643200
******* Epoch 21 Example 25: Test accuracy 0.389714
******* Epoch 21 Example 26: Test accuracy 0.682639
******* Epoch 21 Example 27: Test accuracy 0.546281
******* Epoch 21 Example 28: Test accuracy 0.481623
******* Epoch 21 Example 29: Test accuracy 0.338515
******* Epoch 21 Example 30: Test accuracy 0.418426
******* Epoch 21 Example 31: Test accuracy 0.398980
******* Epoch 21 Example 32: Test accuracy 0.626762
******* Epoch 21 Example 33: Test accuracy 0.256903
******* Epoch 21 Example 34: Test accuracy 0.398744
******* Epoch 21 Example 35: Test accuracy 0.887879
******* Epoch 21 Example 36: Test accuracy 0.693332
******* Epoch 21 Example 37: Test accuracy 0.577408
******* Epoch 21 Example 38: Test accuracy 0.841890
******* Epoch 21 Example 39: Test accuracy 0.482287
******* Epoch 21 Example 40: Test accuracy 0.241178
******* Epoch 21 Example 41: Test accuracy 0.478985
******* Epoch 21 Example 42: Test accuracy 0.810635
******* Epoch 21 Example 43: Test accuracy 0.421199
******* Epoch 21 Example 44: Test accuracy 0.229645
******* Epoch 21 Example 45: Test accuracy 0.437568
Saving checkpoint to /share/PI/ogevaert/shirley/rembrandt/fine_tune_result/fine_tune_02/fcn/fine_tune/fcn_finetune.ckpt ......
******************** Epoch 21: Test dice score 0.514087

################################################### saving training losses to /share/PI/ogevaert/shirley/rembrandt/fine_tune_result/fine_tune_02/fcn/fine_tune/fcn_finetune_results.npz 


epoch 22

fine_tuning

******* Epoch 22 Example 0: Training loss 0.115453
******* Epoch 22 Example 1: Training loss 0.159778
******* Epoch 22 Example 2: Training loss 0.091290
******* Epoch 22 Example 3: Training loss 0.098814
******* Epoch 22 Example 4: Training loss 0.058011
******* Epoch 22 Example 5: Training loss 0.132998
******* Epoch 22 Example 6: Training loss 0.077123
******* Epoch 22 Example 7: Training loss 0.089342
******* Epoch 22 Example 8: Training loss 0.072219
******* Epoch 22 Example 9: Training loss 0.129863
******* Epoch 22 Example 10: Training loss 0.081934
******************** Epoch 22: Training dice score 0.857200

################################################### saving training losses to /share/PI/ogevaert/shirley/rembrandt/fine_tune_result/fine_tune_02/fcn/fine_tune/fcn_finetune_results.npz 


epoch 23

fine_tuning

******* Epoch 23 Example 0: Training loss 0.116777
******* Epoch 23 Example 1: Training loss 0.150472
******* Epoch 23 Example 2: Training loss 0.091294
******* Epoch 23 Example 3: Training loss 0.099471
******* Epoch 23 Example 4: Training loss 0.063159
******* Epoch 23 Example 5: Training loss 0.127349
******* Epoch 23 Example 6: Training loss 0.073072
******* Epoch 23 Example 7: Training loss 0.084938
******* Epoch 23 Example 8: Training loss 0.073549
******* Epoch 23 Example 9: Training loss 0.127622
******* Epoch 23 Example 10: Training loss 0.085106
******************** Epoch 23: Training dice score 0.858782

################################################### saving training losses to /share/PI/ogevaert/shirley/rembrandt/fine_tune_result/fine_tune_02/fcn/fine_tune/fcn_finetune_results.npz 


epoch 24

fine_tuning

******* Epoch 24 Example 0: Training loss 0.113566
******* Epoch 24 Example 1: Training loss 0.156552
******* Epoch 24 Example 2: Training loss 0.093767
******* Epoch 24 Example 3: Training loss 0.104337
******* Epoch 24 Example 4: Training loss 0.059681
******* Epoch 24 Example 5: Training loss 0.125373
******* Epoch 24 Example 6: Training loss 0.068434
******* Epoch 24 Example 7: Training loss 0.090371
******* Epoch 24 Example 8: Training loss 0.072805
******* Epoch 24 Example 9: Training loss 0.122942
******* Epoch 24 Example 10: Training loss 0.080265
******************** Epoch 24: Training dice score 0.861791

validate

******* Epoch 24 Example 0: Validation accuracy 0.806841
******* Epoch 24 Example 1: Validation accuracy 0.443729
******* Epoch 24 Example 2: Validation accuracy 0.868089
******* Epoch 24 Example 3: Validation accuracy 0.837847
******* Epoch 24 Example 4: Validation accuracy 0.111340
******* Epoch 24 Example 5: Validation accuracy 0.420023
******* Epoch 24 Example 6: Validation accuracy 0.852448
******* Epoch 24 Example 7: Validation accuracy 0.641059
******* Epoch 24 Example 8: Validation accuracy 0.548907
******* Epoch 24 Example 9: Validation accuracy 0.714044
******* Epoch 24 Example 10: Validation accuracy 0.678122
******* Epoch 24 Example 11: Validation accuracy 0.860746
******* Epoch 24 Example 12: Validation accuracy 0.705210
******* Epoch 24 Example 13: Validation accuracy 0.541163
******* Epoch 24 Example 14: Validation accuracy 0.675144
******* Epoch 24 Example 15: Validation accuracy 0.586116
******* Epoch 24 Example 16: Validation accuracy 0.757563
******* Epoch 24 Example 17: Validation accuracy 0.681764
******* Epoch 24 Example 18: Validation accuracy 0.843053
******* Epoch 24 Example 19: Validation accuracy 0.051742
******* Epoch 24 Example 20: Validation accuracy 0.610752
******* Epoch 24 Example 21: Validation accuracy 0.284817
******* Epoch 24 Example 22: Validation accuracy 0.643055
******* Epoch 24 Example 23: Validation accuracy 0.841133
******* Epoch 24 Example 24: Validation accuracy 0.819058
******* Epoch 24 Example 25: Validation accuracy 0.483606
******* Epoch 24 Example 26: Validation accuracy 0.812189
******* Epoch 24 Example 27: Validation accuracy 0.645609
******* Epoch 24 Example 28: Validation accuracy 0.705026
******* Epoch 24 Example 29: Validation accuracy 0.341272
******* Epoch 24 Example 30: Validation accuracy 0.436202
******* Epoch 24 Example 31: Validation accuracy 0.519759
******* Epoch 24 Example 32: Validation accuracy 0.676898
******* Epoch 24 Example 33: Validation accuracy 0.494010
******* Epoch 24 Example 34: Validation accuracy 0.476277
******* Epoch 24 Example 35: Validation accuracy 0.927328
******* Epoch 24 Example 36: Validation accuracy 0.777050
******* Epoch 24 Example 37: Validation accuracy 0.787564
******* Epoch 24 Example 38: Validation accuracy 0.890117
******* Epoch 24 Example 39: Validation accuracy 0.632630
******* Epoch 24 Example 40: Validation accuracy 0.238897
******* Epoch 24 Example 41: Validation accuracy 0.560297
******* Epoch 24 Example 42: Validation accuracy 0.811616
******* Epoch 24 Example 43: Validation accuracy 0.401609
******* Epoch 24 Example 44: Validation accuracy 0.567998
******* Epoch 24 Example 45: Validation accuracy 0.620176
******************** Epoch 24: Validation dice score 0.622389

test

******* Epoch 24 Example 0: Test accuracy 0.757547
******* Epoch 24 Example 1: Test accuracy 0.354222
******* Epoch 24 Example 2: Test accuracy 0.783618
******* Epoch 24 Example 3: Test accuracy 0.715154
******* Epoch 24 Example 4: Test accuracy 0.047927
******* Epoch 24 Example 5: Test accuracy 0.420611
******* Epoch 24 Example 6: Test accuracy 0.708055
******* Epoch 24 Example 7: Test accuracy 0.421573
******* Epoch 24 Example 8: Test accuracy 0.540804
******* Epoch 24 Example 9: Test accuracy 0.601084
******* Epoch 24 Example 10: Test accuracy 0.611686
******* Epoch 24 Example 11: Test accuracy 0.819346
******* Epoch 24 Example 12: Test accuracy 0.510388
******* Epoch 24 Example 13: Test accuracy 0.492594
******* Epoch 24 Example 14: Test accuracy 0.611205
******* Epoch 24 Example 15: Test accuracy 0.346588
******* Epoch 24 Example 16: Test accuracy 0.611000
******* Epoch 24 Example 17: Test accuracy 0.536953
******* Epoch 24 Example 18: Test accuracy 0.675284
******* Epoch 24 Example 19: Test accuracy 0.033407
******* Epoch 24 Example 20: Test accuracy 0.395477
******* Epoch 24 Example 21: Test accuracy 0.179957
******* Epoch 24 Example 22: Test accuracy 0.475612
******* Epoch 24 Example 23: Test accuracy 0.727414
******* Epoch 24 Example 24: Test accuracy 0.649250
******* Epoch 24 Example 25: Test accuracy 0.381068
******* Epoch 24 Example 26: Test accuracy 0.675888
******* Epoch 24 Example 27: Test accuracy 0.531770
******* Epoch 24 Example 28: Test accuracy 0.483097
******* Epoch 24 Example 29: Test accuracy 0.331223
******* Epoch 24 Example 30: Test accuracy 0.408443
******* Epoch 24 Example 31: Test accuracy 0.395318
******* Epoch 24 Example 32: Test accuracy 0.621452
******* Epoch 24 Example 33: Test accuracy 0.232536
******* Epoch 24 Example 34: Test accuracy 0.391819
******* Epoch 24 Example 35: Test accuracy 0.889318
******* Epoch 24 Example 36: Test accuracy 0.692063
******* Epoch 24 Example 37: Test accuracy 0.589852
******* Epoch 24 Example 38: Test accuracy 0.836529
******* Epoch 24 Example 39: Test accuracy 0.477257
******* Epoch 24 Example 40: Test accuracy 0.227419
******* Epoch 24 Example 41: Test accuracy 0.479344
******* Epoch 24 Example 42: Test accuracy 0.811543
******* Epoch 24 Example 43: Test accuracy 0.416811
******* Epoch 24 Example 44: Test accuracy 0.206498
******* Epoch 24 Example 45: Test accuracy 0.449181
******************** Epoch 24: Test dice score 0.512069

################################################### saving training losses to /share/PI/ogevaert/shirley/rembrandt/fine_tune_result/fine_tune_02/fcn/fine_tune/fcn_finetune_results.npz 


epoch 25

fine_tuning

******* Epoch 25 Example 0: Training loss 0.112926
******* Epoch 25 Example 1: Training loss 0.157250
******* Epoch 25 Example 2: Training loss 0.086129
******* Epoch 25 Example 3: Training loss 0.098215
******* Epoch 25 Example 4: Training loss 0.059078
******* Epoch 25 Example 5: Training loss 0.123127
******* Epoch 25 Example 6: Training loss 0.067623
******* Epoch 25 Example 7: Training loss 0.087024
******* Epoch 25 Example 8: Training loss 0.069881
******* Epoch 25 Example 9: Training loss 0.123193
******* Epoch 25 Example 10: Training loss 0.082947
******************** Epoch 25: Training dice score 0.862227

################################################### saving training losses to /share/PI/ogevaert/shirley/rembrandt/fine_tune_result/fine_tune_02/fcn/fine_tune/fcn_finetune_results.npz 


epoch 26

fine_tuning

******* Epoch 26 Example 0: Training loss 0.110956
******* Epoch 26 Example 1: Training loss 0.145081
******* Epoch 26 Example 2: Training loss 0.089232
******* Epoch 26 Example 3: Training loss 0.094955
******* Epoch 26 Example 4: Training loss 0.057834
******* Epoch 26 Example 5: Training loss 0.127018
******* Epoch 26 Example 6: Training loss 0.068093
******* Epoch 26 Example 7: Training loss 0.083771
******* Epoch 26 Example 8: Training loss 0.071161
******* Epoch 26 Example 9: Training loss 0.123675
******* Epoch 26 Example 10: Training loss 0.085916
******************** Epoch 26: Training dice score 0.863102

################################################### saving training losses to /share/PI/ogevaert/shirley/rembrandt/fine_tune_result/fine_tune_02/fcn/fine_tune/fcn_finetune_results.npz 


epoch 27

fine_tuning

******* Epoch 27 Example 0: Training loss 0.109345
******* Epoch 27 Example 1: Training loss 0.147887
******* Epoch 27 Example 2: Training loss 0.087077
******* Epoch 27 Example 3: Training loss 0.094524
******* Epoch 27 Example 4: Training loss 0.056459
******* Epoch 27 Example 5: Training loss 0.119245
******* Epoch 27 Example 6: Training loss 0.065407
******* Epoch 27 Example 7: Training loss 0.083317
******* Epoch 27 Example 8: Training loss 0.070765
******* Epoch 27 Example 9: Training loss 0.126381
******* Epoch 27 Example 10: Training loss 0.079646
******************** Epoch 27: Training dice score 0.865741

validate

******* Epoch 27 Example 0: Validation accuracy 0.823632
******* Epoch 27 Example 1: Validation accuracy 0.480737
******* Epoch 27 Example 2: Validation accuracy 0.870711
******* Epoch 27 Example 3: Validation accuracy 0.845990
******* Epoch 27 Example 4: Validation accuracy 0.137086
******* Epoch 27 Example 5: Validation accuracy 0.434216
******* Epoch 27 Example 6: Validation accuracy 0.853681
******* Epoch 27 Example 7: Validation accuracy 0.648160
******* Epoch 27 Example 8: Validation accuracy 0.570504
******* Epoch 27 Example 9: Validation accuracy 0.723156
******* Epoch 27 Example 10: Validation accuracy 0.696096
******* Epoch 27 Example 11: Validation accuracy 0.863343
******* Epoch 27 Example 12: Validation accuracy 0.720113
******* Epoch 27 Example 13: Validation accuracy 0.552621
******* Epoch 27 Example 14: Validation accuracy 0.690479
******* Epoch 27 Example 15: Validation accuracy 0.612038
******* Epoch 27 Example 16: Validation accuracy 0.766495
******* Epoch 27 Example 17: Validation accuracy 0.703942
******* Epoch 27 Example 18: Validation accuracy 0.849330
******* Epoch 27 Example 19: Validation accuracy 0.053861
******* Epoch 27 Example 20: Validation accuracy 0.608867
******* Epoch 27 Example 21: Validation accuracy 0.313413
******* Epoch 27 Example 22: Validation accuracy 0.646833
******* Epoch 27 Example 23: Validation accuracy 0.837320
******* Epoch 27 Example 24: Validation accuracy 0.822785
******* Epoch 27 Example 25: Validation accuracy 0.500102
******* Epoch 27 Example 26: Validation accuracy 0.808914
******* Epoch 27 Example 27: Validation accuracy 0.657282
******* Epoch 27 Example 28: Validation accuracy 0.715767
******* Epoch 27 Example 29: Validation accuracy 0.356286
******* Epoch 27 Example 30: Validation accuracy 0.482972
******* Epoch 27 Example 31: Validation accuracy 0.544410
******* Epoch 27 Example 32: Validation accuracy 0.702565
******* Epoch 27 Example 33: Validation accuracy 0.507458
******* Epoch 27 Example 34: Validation accuracy 0.502001
******* Epoch 27 Example 35: Validation accuracy 0.930115
******* Epoch 27 Example 36: Validation accuracy 0.774481
******* Epoch 27 Example 37: Validation accuracy 0.779191
******* Epoch 27 Example 38: Validation accuracy 0.884610
******* Epoch 27 Example 39: Validation accuracy 0.635234
******* Epoch 27 Example 40: Validation accuracy 0.241834
******* Epoch 27 Example 41: Validation accuracy 0.577395
******* Epoch 27 Example 42: Validation accuracy 0.810195
******* Epoch 27 Example 43: Validation accuracy 0.437028
******* Epoch 27 Example 44: Validation accuracy 0.599224
******* Epoch 27 Example 45: Validation accuracy 0.629100
******************** Epoch 27: Validation dice score 0.634817

test

******* Epoch 27 Example 0: Test accuracy 0.772912
******* Epoch 27 Example 1: Test accuracy 0.366365
******* Epoch 27 Example 2: Test accuracy 0.789512
******* Epoch 27 Example 3: Test accuracy 0.701571
******* Epoch 27 Example 4: Test accuracy 0.054682
******* Epoch 27 Example 5: Test accuracy 0.444804
******* Epoch 27 Example 6: Test accuracy 0.707085
******* Epoch 27 Example 7: Test accuracy 0.420458
******* Epoch 27 Example 8: Test accuracy 0.564056
******* Epoch 27 Example 9: Test accuracy 0.610891
******* Epoch 27 Example 10: Test accuracy 0.627736
******* Epoch 27 Example 11: Test accuracy 0.819215
******* Epoch 27 Example 12: Test accuracy 0.520219
******* Epoch 27 Example 13: Test accuracy 0.507539
******* Epoch 27 Example 14: Test accuracy 0.624250
******* Epoch 27 Example 15: Test accuracy 0.357494
******* Epoch 27 Example 16: Test accuracy 0.612295
******* Epoch 27 Example 17: Test accuracy 0.552108
******* Epoch 27 Example 18: Test accuracy 0.669416
******* Epoch 27 Example 19: Test accuracy 0.038526
******* Epoch 27 Example 20: Test accuracy 0.385145
******* Epoch 27 Example 21: Test accuracy 0.197495
******* Epoch 27 Example 22: Test accuracy 0.480548
******* Epoch 27 Example 23: Test accuracy 0.729561
******* Epoch 27 Example 24: Test accuracy 0.644268
******* Epoch 27 Example 25: Test accuracy 0.392366
******* Epoch 27 Example 26: Test accuracy 0.673654
******* Epoch 27 Example 27: Test accuracy 0.540690
******* Epoch 27 Example 28: Test accuracy 0.492500
******* Epoch 27 Example 29: Test accuracy 0.334196
******* Epoch 27 Example 30: Test accuracy 0.425177
******* Epoch 27 Example 31: Test accuracy 0.398610
******* Epoch 27 Example 32: Test accuracy 0.630883
******* Epoch 27 Example 33: Test accuracy 0.230652
******* Epoch 27 Example 34: Test accuracy 0.402046
******* Epoch 27 Example 35: Test accuracy 0.891544
******* Epoch 27 Example 36: Test accuracy 0.695812
******* Epoch 27 Example 37: Test accuracy 0.585657
******* Epoch 27 Example 38: Test accuracy 0.837825
******* Epoch 27 Example 39: Test accuracy 0.480683
******* Epoch 27 Example 40: Test accuracy 0.238367
******* Epoch 27 Example 41: Test accuracy 0.490224
******* Epoch 27 Example 42: Test accuracy 0.810811
******* Epoch 27 Example 43: Test accuracy 0.425083
******* Epoch 27 Example 44: Test accuracy 0.239385
******* Epoch 27 Example 45: Test accuracy 0.439031
Saving checkpoint to /share/PI/ogevaert/shirley/rembrandt/fine_tune_result/fine_tune_02/fcn/fine_tune/fcn_finetune.ckpt ......
******************** Epoch 27: Test dice score 0.518551

################################################### saving training losses to /share/PI/ogevaert/shirley/rembrandt/fine_tune_result/fine_tune_02/fcn/fine_tune/fcn_finetune_results.npz 


epoch 28

fine_tuning

******* Epoch 28 Example 0: Training loss 0.105183
******* Epoch 28 Example 1: Training loss 0.151005
******* Epoch 28 Example 2: Training loss 0.081417
******* Epoch 28 Example 3: Training loss 0.095380
******* Epoch 28 Example 4: Training loss 0.055871
******* Epoch 28 Example 5: Training loss 0.123399
******* Epoch 28 Example 6: Training loss 0.062683
******* Epoch 28 Example 7: Training loss 0.086903
******* Epoch 28 Example 8: Training loss 0.072858
******* Epoch 28 Example 9: Training loss 0.118630
******* Epoch 28 Example 10: Training loss 0.080672
******************** Epoch 28: Training dice score 0.866904

################################################### saving training losses to /share/PI/ogevaert/shirley/rembrandt/fine_tune_result/fine_tune_02/fcn/fine_tune/fcn_finetune_results.npz 


epoch 29

fine_tuning

******* Epoch 29 Example 0: Training loss 0.109146
******* Epoch 29 Example 1: Training loss 0.146681
******* Epoch 29 Example 2: Training loss 0.077216
******* Epoch 29 Example 3: Training loss 0.098703
******* Epoch 29 Example 4: Training loss 0.058421
******* Epoch 29 Example 5: Training loss 0.117606
******* Epoch 29 Example 6: Training loss 0.064293
******* Epoch 29 Example 7: Training loss 0.088557
******* Epoch 29 Example 8: Training loss 0.070488
******* Epoch 29 Example 9: Training loss 0.125148
******* Epoch 29 Example 10: Training loss 0.079389
******************** Epoch 29: Training dice score 0.867784

################################################### saving training losses to /share/PI/ogevaert/shirley/rembrandt/fine_tune_result/fine_tune_02/fcn/fine_tune/fcn_finetune_results.npz 


epoch 30

fine_tuning

******* Epoch 30 Example 0: Training loss 0.103477
******* Epoch 30 Example 1: Training loss 0.146817
******* Epoch 30 Example 2: Training loss 0.081201
******* Epoch 30 Example 3: Training loss 0.094394
******* Epoch 30 Example 4: Training loss 0.053942
******* Epoch 30 Example 5: Training loss 0.122466
******* Epoch 30 Example 6: Training loss 0.063557
******* Epoch 30 Example 7: Training loss 0.082840
******* Epoch 30 Example 8: Training loss 0.070526
******* Epoch 30 Example 9: Training loss 0.122509
******* Epoch 30 Example 10: Training loss 0.079976
******************** Epoch 30: Training dice score 0.871355

validate

******* Epoch 30 Example 0: Validation accuracy 0.829973
******* Epoch 30 Example 1: Validation accuracy 0.490517
******* Epoch 30 Example 2: Validation accuracy 0.873754
******* Epoch 30 Example 3: Validation accuracy 0.851953
******* Epoch 30 Example 4: Validation accuracy 0.148790
******* Epoch 30 Example 5: Validation accuracy 0.459900
******* Epoch 30 Example 6: Validation accuracy 0.855597
******* Epoch 30 Example 7: Validation accuracy 0.641980
******* Epoch 30 Example 8: Validation accuracy 0.582278
******* Epoch 30 Example 9: Validation accuracy 0.728408
******* Epoch 30 Example 10: Validation accuracy 0.693056
******* Epoch 30 Example 11: Validation accuracy 0.871157
******* Epoch 30 Example 12: Validation accuracy 0.725425
******* Epoch 30 Example 13: Validation accuracy 0.585314
******* Epoch 30 Example 14: Validation accuracy 0.695439
******* Epoch 30 Example 15: Validation accuracy 0.600010
******* Epoch 30 Example 16: Validation accuracy 0.764906
******* Epoch 30 Example 17: Validation accuracy 0.715437
******* Epoch 30 Example 18: Validation accuracy 0.855185
******* Epoch 30 Example 19: Validation accuracy 0.065426
******* Epoch 30 Example 20: Validation accuracy 0.614257
******* Epoch 30 Example 21: Validation accuracy 0.324874
******* Epoch 30 Example 22: Validation accuracy 0.651468
******* Epoch 30 Example 23: Validation accuracy 0.847241
******* Epoch 30 Example 24: Validation accuracy 0.828241
******* Epoch 30 Example 25: Validation accuracy 0.487567
******* Epoch 30 Example 26: Validation accuracy 0.818336
******* Epoch 30 Example 27: Validation accuracy 0.666610
******* Epoch 30 Example 28: Validation accuracy 0.715571
******* Epoch 30 Example 29: Validation accuracy 0.359597
******* Epoch 30 Example 30: Validation accuracy 0.479732
******* Epoch 30 Example 31: Validation accuracy 0.551920
******* Epoch 30 Example 32: Validation accuracy 0.702235
******* Epoch 30 Example 33: Validation accuracy 0.499902
******* Epoch 30 Example 34: Validation accuracy 0.511681
******* Epoch 30 Example 35: Validation accuracy 0.930113
******* Epoch 30 Example 36: Validation accuracy 0.791934
******* Epoch 30 Example 37: Validation accuracy 0.792181
******* Epoch 30 Example 38: Validation accuracy 0.889710
******* Epoch 30 Example 39: Validation accuracy 0.643982
******* Epoch 30 Example 40: Validation accuracy 0.265005
******* Epoch 30 Example 41: Validation accuracy 0.580880
******* Epoch 30 Example 42: Validation accuracy 0.810604
******* Epoch 30 Example 43: Validation accuracy 0.437100
******* Epoch 30 Example 44: Validation accuracy 0.603444
******* Epoch 30 Example 45: Validation accuracy 0.627990
******************** Epoch 30: Validation dice score 0.640580

test

******* Epoch 30 Example 0: Test accuracy 0.783482
******* Epoch 30 Example 1: Test accuracy 0.368691
******* Epoch 30 Example 2: Test accuracy 0.796500
******* Epoch 30 Example 3: Test accuracy 0.699928
******* Epoch 30 Example 4: Test accuracy 0.056137
******* Epoch 30 Example 5: Test accuracy 0.449056
******* Epoch 30 Example 6: Test accuracy 0.713099
******* Epoch 30 Example 7: Test accuracy 0.418416
******* Epoch 30 Example 8: Test accuracy 0.569282
******* Epoch 30 Example 9: Test accuracy 0.610835
******* Epoch 30 Example 10: Test accuracy 0.631936
******* Epoch 30 Example 11: Test accuracy 0.820484
******* Epoch 30 Example 12: Test accuracy 0.525139
******* Epoch 30 Example 13: Test accuracy 0.517046
******* Epoch 30 Example 14: Test accuracy 0.626676
******* Epoch 30 Example 15: Test accuracy 0.361752
******* Epoch 30 Example 16: Test accuracy 0.621383
******* Epoch 30 Example 17: Test accuracy 0.555628
******* Epoch 30 Example 18: Test accuracy 0.682495
******* Epoch 30 Example 19: Test accuracy 0.059118
******* Epoch 30 Example 20: Test accuracy 0.382234
******* Epoch 30 Example 21: Test accuracy 0.202002
******* Epoch 30 Example 22: Test accuracy 0.484306
******* Epoch 30 Example 23: Test accuracy 0.736071
******* Epoch 30 Example 24: Test accuracy 0.645620
******* Epoch 30 Example 25: Test accuracy 0.389640
******* Epoch 30 Example 26: Test accuracy 0.689156
******* Epoch 30 Example 27: Test accuracy 0.543759
******* Epoch 30 Example 28: Test accuracy 0.496176
******* Epoch 30 Example 29: Test accuracy 0.335775
******* Epoch 30 Example 30: Test accuracy 0.425222
******* Epoch 30 Example 31: Test accuracy 0.399264
******* Epoch 30 Example 32: Test accuracy 0.625629
******* Epoch 30 Example 33: Test accuracy 0.221205
******* Epoch 30 Example 34: Test accuracy 0.404309
******* Epoch 30 Example 35: Test accuracy 0.893071
******* Epoch 30 Example 36: Test accuracy 0.695959
******* Epoch 30 Example 37: Test accuracy 0.586434
******* Epoch 30 Example 38: Test accuracy 0.840729
******* Epoch 30 Example 39: Test accuracy 0.480211
******* Epoch 30 Example 40: Test accuracy 0.247573
******* Epoch 30 Example 41: Test accuracy 0.499205
******* Epoch 30 Example 42: Test accuracy 0.809192
******* Epoch 30 Example 43: Test accuracy 0.425556
******* Epoch 30 Example 44: Test accuracy 0.247926
******* Epoch 30 Example 45: Test accuracy 0.438009
Saving checkpoint to /share/PI/ogevaert/shirley/rembrandt/fine_tune_result/fine_tune_02/fcn/fine_tune/fcn_finetune.ckpt ......
******************** Epoch 30: Test dice score 0.521985

################################################### saving training losses to /share/PI/ogevaert/shirley/rembrandt/fine_tune_result/fine_tune_02/fcn/fine_tune/fcn_finetune_results.npz 


epoch 31

fine_tuning

******* Epoch 31 Example 0: Training loss 0.109821
******* Epoch 31 Example 1: Training loss 0.147973
******* Epoch 31 Example 2: Training loss 0.081152
******* Epoch 31 Example 3: Training loss 0.092827
******* Epoch 31 Example 4: Training loss 0.054686
******* Epoch 31 Example 5: Training loss 0.107718
******* Epoch 31 Example 6: Training loss 0.065716
******* Epoch 31 Example 7: Training loss 0.080215
******* Epoch 31 Example 8: Training loss 0.069869
******* Epoch 31 Example 9: Training loss 0.119446
******* Epoch 31 Example 10: Training loss 0.081009
******************** Epoch 31: Training dice score 0.871425

################################################### saving training losses to /share/PI/ogevaert/shirley/rembrandt/fine_tune_result/fine_tune_02/fcn/fine_tune/fcn_finetune_results.npz 

